Analysis & Synthesis report for Tetris
Thu Jun  7 19:23:04 2018
Quartus Prime Version 17.1.0 Build 590 10/25/2017 SJ Lite Edition


---------------------
; Table of Contents ;
---------------------
  1. Legal Notice
  2. Analysis & Synthesis Summary
  3. Analysis & Synthesis Settings
  4. Parallel Compilation
  5. Analysis & Synthesis Messages



----------------
; Legal Notice ;
----------------
Copyright (C) 2017  Intel Corporation. All rights reserved.
Your use of Intel Corporation's design tools, logic functions 
and other software and tools, and its AMPP partner logic 
functions, and any output files from any of the foregoing 
(including device programming or simulation files), and any 
associated documentation or information are expressly subject 
to the terms and conditions of the Intel Program License 
Subscription Agreement, the Intel Quartus Prime License Agreement,
the Intel FPGA IP License Agreement, or other applicable license
agreement, including, without limitation, that your use is for
the sole purpose of programming logic devices manufactured by
Intel and sold by Intel or its authorized distributors.  Please
refer to the applicable agreement for further details.



+---------------------------------------------------------------------------+
; Analysis & Synthesis Summary                                              ;
+-----------------------------+---------------------------------------------+
; Analysis & Synthesis Status ; Failed - Thu Jun  7 19:23:04 2018           ;
; Quartus Prime Version       ; 17.1.0 Build 590 10/25/2017 SJ Lite Edition ;
; Revision Name               ; Tetris                                      ;
; Top-level Entity Name       ; game_board                                  ;
; Family                      ; Cyclone V                                   ;
; Logic utilization (in ALMs) ; N/A until Partition Merge                   ;
; Total registers             ; N/A until Partition Merge                   ;
; Total pins                  ; N/A until Partition Merge                   ;
; Total virtual pins          ; N/A until Partition Merge                   ;
; Total block memory bits     ; N/A until Partition Merge                   ;
; Total PLLs                  ; N/A until Partition Merge                   ;
; Total DLLs                  ; N/A until Partition Merge                   ;
+-----------------------------+---------------------------------------------+


+---------------------------------------------------------------------------------------------------------------------------+
; Analysis & Synthesis Settings                                                                                             ;
+---------------------------------------------------------------------------------+--------------------+--------------------+
; Option                                                                          ; Setting            ; Default Value      ;
+---------------------------------------------------------------------------------+--------------------+--------------------+
; Device                                                                          ; 5CSEMA5F31C6       ;                    ;
; Top-level entity name                                                           ; game_board         ; Tetris             ;
; Family name                                                                     ; Cyclone V          ; Cyclone V          ;
; Use smart compilation                                                           ; Off                ; Off                ;
; Enable parallel Assembler and TimeQuest Timing Analyzer during compilation      ; On                 ; On                 ;
; Enable compact report table                                                     ; Off                ; Off                ;
; Restructure Multiplexers                                                        ; Auto               ; Auto               ;
; MLAB Add Timing Constraints For Mixed-Port Feed-Through Mode Setting Don't Care ; Off                ; Off                ;
; Create Debugging Nodes for IP Cores                                             ; Off                ; Off                ;
; Preserve fewer node names                                                       ; On                 ; On                 ;
; Intel FPGA IP Evaluation Mode                                                   ; Enable             ; Enable             ;
; Verilog Version                                                                 ; Verilog_2001       ; Verilog_2001       ;
; VHDL Version                                                                    ; VHDL_1993          ; VHDL_1993          ;
; State Machine Processing                                                        ; Auto               ; Auto               ;
; Safe State Machine                                                              ; Off                ; Off                ;
; Extract Verilog State Machines                                                  ; On                 ; On                 ;
; Extract VHDL State Machines                                                     ; On                 ; On                 ;
; Ignore Verilog initial constructs                                               ; Off                ; Off                ;
; Iteration limit for constant Verilog loops                                      ; 5000               ; 5000               ;
; Iteration limit for non-constant Verilog loops                                  ; 250                ; 250                ;
; Add Pass-Through Logic to Inferred RAMs                                         ; On                 ; On                 ;
; Infer RAMs from Raw Logic                                                       ; On                 ; On                 ;
; Parallel Synthesis                                                              ; On                 ; On                 ;
; DSP Block Balancing                                                             ; Auto               ; Auto               ;
; NOT Gate Push-Back                                                              ; On                 ; On                 ;
; Power-Up Don't Care                                                             ; On                 ; On                 ;
; Remove Redundant Logic Cells                                                    ; Off                ; Off                ;
; Remove Duplicate Registers                                                      ; On                 ; On                 ;
; Ignore CARRY Buffers                                                            ; Off                ; Off                ;
; Ignore CASCADE Buffers                                                          ; Off                ; Off                ;
; Ignore GLOBAL Buffers                                                           ; Off                ; Off                ;
; Ignore ROW GLOBAL Buffers                                                       ; Off                ; Off                ;
; Ignore LCELL Buffers                                                            ; Off                ; Off                ;
; Ignore SOFT Buffers                                                             ; On                 ; On                 ;
; Limit AHDL Integers to 32 Bits                                                  ; Off                ; Off                ;
; Optimization Technique                                                          ; Balanced           ; Balanced           ;
; Carry Chain Length                                                              ; 70                 ; 70                 ;
; Auto Carry Chains                                                               ; On                 ; On                 ;
; Auto Open-Drain Pins                                                            ; On                 ; On                 ;
; Perform WYSIWYG Primitive Resynthesis                                           ; Off                ; Off                ;
; Auto ROM Replacement                                                            ; On                 ; On                 ;
; Auto RAM Replacement                                                            ; On                 ; On                 ;
; Auto DSP Block Replacement                                                      ; On                 ; On                 ;
; Auto Shift Register Replacement                                                 ; Auto               ; Auto               ;
; Allow Shift Register Merging across Hierarchies                                 ; Auto               ; Auto               ;
; Auto Clock Enable Replacement                                                   ; On                 ; On                 ;
; Strict RAM Replacement                                                          ; Off                ; Off                ;
; Allow Synchronous Control Signals                                               ; On                 ; On                 ;
; Force Use of Synchronous Clear Signals                                          ; Off                ; Off                ;
; Auto Resource Sharing                                                           ; Off                ; Off                ;
; Allow Any RAM Size For Recognition                                              ; Off                ; Off                ;
; Allow Any ROM Size For Recognition                                              ; Off                ; Off                ;
; Allow Any Shift Register Size For Recognition                                   ; Off                ; Off                ;
; Use LogicLock Constraints during Resource Balancing                             ; On                 ; On                 ;
; Ignore translate_off and synthesis_off directives                               ; Off                ; Off                ;
; Timing-Driven Synthesis                                                         ; On                 ; On                 ;
; Report Parameter Settings                                                       ; On                 ; On                 ;
; Report Source Assignments                                                       ; On                 ; On                 ;
; Report Connectivity Checks                                                      ; On                 ; On                 ;
; Ignore Maximum Fan-Out Assignments                                              ; Off                ; Off                ;
; Synchronization Register Chain Length                                           ; 3                  ; 3                  ;
; Power Optimization During Synthesis                                             ; Normal compilation ; Normal compilation ;
; HDL message level                                                               ; Level2             ; Level2             ;
; Suppress Register Optimization Related Messages                                 ; Off                ; Off                ;
; Number of Removed Registers Reported in Synthesis Report                        ; 5000               ; 5000               ;
; Number of Swept Nodes Reported in Synthesis Report                              ; 5000               ; 5000               ;
; Number of Inverted Registers Reported in Synthesis Report                       ; 100                ; 100                ;
; Clock MUX Protection                                                            ; On                 ; On                 ;
; Auto Gated Clock Conversion                                                     ; Off                ; Off                ;
; Block Design Naming                                                             ; Auto               ; Auto               ;
; SDC constraint protection                                                       ; Off                ; Off                ;
; Synthesis Effort                                                                ; Auto               ; Auto               ;
; Shift Register Replacement - Allow Asynchronous Clear Signal                    ; On                 ; On                 ;
; Pre-Mapping Resynthesis Optimization                                            ; Off                ; Off                ;
; Analysis & Synthesis Message Level                                              ; Medium             ; Medium             ;
; Disable Register Merging Across Hierarchies                                     ; Auto               ; Auto               ;
; Resource Aware Inference For Block RAM                                          ; On                 ; On                 ;
; Automatic Parallel Synthesis                                                    ; On                 ; On                 ;
; Partial Reconfiguration Bitstream ID                                            ; Off                ; Off                ;
+---------------------------------------------------------------------------------+--------------------+--------------------+


+------------------------------------------+
; Parallel Compilation                     ;
+----------------------------+-------------+
; Processors                 ; Number      ;
+----------------------------+-------------+
; Number detected on machine ; 4           ;
; Maximum allowed            ; 4           ;
;                            ;             ;
; Average used               ; 1.00        ;
; Maximum used               ; 1           ;
;                            ;             ;
; Usage by Processor         ; % Time Used ;
;     Processor 1            ; 100.0%      ;
+----------------------------+-------------+


+-------------------------------+
; Analysis & Synthesis Messages ;
+-------------------------------+
Info: *******************************************************************
Info: Running Quartus Prime Analysis & Synthesis
    Info: Version 17.1.0 Build 590 10/25/2017 SJ Lite Edition
    Info: Processing started: Thu Jun  7 19:22:54 2018
Info: Command: quartus_map --read_settings_files=on --write_settings_files=off Tetris -c Tetris
Warning (125092): Tcl Script File game_board/vga_pll/vga_pll_0002.qip not found
    Info (125063): set_global_assignment -name QIP_FILE game_board/vga_pll/vga_pll_0002.qip -qip game_board/vga_pll.qip -library vga_pll
Warning (18236): Number of processors has not been specified which may cause overloading on shared machines.  Set the global assignment NUM_PARALLEL_PROCESSORS in your QSF to an appropriate value for best performance.
Info (20030): Parallel compilation is enabled and will use 4 of the 4 processors detected
Info (12021): Found 2 design units, including 1 entities, in source file create_piece/create_piece.vhd
    Info (12022): Found design unit 1: create_piece-rtl File: /home/ec2014/ra157637/MC613/Projeto_MC613/rtl/create_piece/create_piece.vhd Line: 16
    Info (12023): Found entity 1: create_piece File: /home/ec2014/ra157637/MC613/Projeto_MC613/rtl/create_piece/create_piece.vhd Line: 6
Info (12021): Found 2 design units, including 1 entities, in source file menu/menu.vhd
    Info (12022): Found design unit 1: menu-rtl File: /home/ec2014/ra157637/MC613/Projeto_MC613/rtl/menu/menu.vhd Line: 15
    Info (12023): Found entity 1: menu File: /home/ec2014/ra157637/MC613/Projeto_MC613/rtl/menu/menu.vhd Line: 6
Info (12021): Found 2 design units, including 1 entities, in source file keyboard/kbdex_ctrl.vhd
    Info (12022): Found design unit 1: kbdex_ctrl-rtl File: /home/ec2014/ra157637/MC613/Projeto_MC613/rtl/keyboard/kbdex_ctrl.vhd Line: 63
    Info (12023): Found entity 1: kbdex_ctrl File: /home/ec2014/ra157637/MC613/Projeto_MC613/rtl/keyboard/kbdex_ctrl.vhd Line: 47
Info (12021): Found 2 design units, including 1 entities, in source file keyboard/ps2_iobase.vhd
    Info (12022): Found design unit 1: ps2_iobase-rtl File: /home/ec2014/ra157637/MC613/Projeto_MC613/rtl/keyboard/ps2_iobase.vhd Line: 41
    Info (12023): Found entity 1: ps2_iobase File: /home/ec2014/ra157637/MC613/Projeto_MC613/rtl/keyboard/ps2_iobase.vhd Line: 20
Info (12021): Found 2 design units, including 1 entities, in source file clock/clk_div.vhd
    Info (12022): Found design unit 1: clock_div-behavioral File: /home/ec2014/ra157637/MC613/Projeto_MC613/rtl/clock/clk_div.vhd Line: 12
    Info (12023): Found entity 1: clock_div File: /home/ec2014/ra157637/MC613/Projeto_MC613/rtl/clock/clk_div.vhd Line: 5
Info (12021): Found 2 design units, including 1 entities, in source file mov_piece/mov_piece.vhd
    Info (12022): Found design unit 1: mov_piece-rtl File: /home/ec2014/ra157637/MC613/Projeto_MC613/rtl/mov_piece/mov_piece.vhd Line: 16
    Info (12023): Found entity 1: mov_piece File: /home/ec2014/ra157637/MC613/Projeto_MC613/rtl/mov_piece/mov_piece.vhd Line: 6
Info (12021): Found 2 design units, including 1 entities, in source file game_board/game_board.vhd
    Info (12022): Found design unit 1: game_board-behavior File: /home/ec2014/ra157637/MC613/Projeto_MC613/rtl/game_board/game_board.vhd Line: 17
    Info (12023): Found entity 1: game_board File: /home/ec2014/ra157637/MC613/Projeto_MC613/rtl/game_board/game_board.vhd Line: 5
Info (12021): Found 2 design units, including 1 entities, in source file game_board/vga_pll.vhd
    Info (12022): Found design unit 1: vga_pll-rtl File: /home/ec2014/ra157637/MC613/Projeto_MC613/rtl/game_board/vga_pll.vhd Line: 19
    Info (12023): Found entity 1: vga_pll File: /home/ec2014/ra157637/MC613/Projeto_MC613/rtl/game_board/vga_pll.vhd Line: 11
Warning (12019): Can't analyze file -- file game_board/vga_pll/vga_pll_0002.v is missing
Info (12021): Found 4 design units, including 2 entities, in source file game_board/vgacon.vhd
    Info (12022): Found design unit 1: vgacon-behav File: /home/ec2014/ra157637/MC613/Projeto_MC613/rtl/game_board/vgacon.vhd Line: 96
    Info (12022): Found design unit 2: dual_clock_ram-behav File: /home/ec2014/ra157637/MC613/Projeto_MC613/rtl/game_board/vgacon.vhd Line: 269
    Info (12023): Found entity 1: vgacon File: /home/ec2014/ra157637/MC613/Projeto_MC613/rtl/game_board/vgacon.vhd Line: 75
    Info (12023): Found entity 2: dual_clock_ram File: /home/ec2014/ra157637/MC613/Projeto_MC613/rtl/game_board/vgacon.vhd Line: 256
Error (10482): VHDL error at game_board.vhd(110): object "clear_video_word" is used but not declared File: /home/ec2014/ra157637/MC613/Projeto_MC613/rtl/game_board/game_board.vhd Line: 110
Error (10482): VHDL error at game_board.vhd(110): object "normal_video_word" is used but not declared File: /home/ec2014/ra157637/MC613/Projeto_MC613/rtl/game_board/game_board.vhd Line: 110
Error: Quartus Prime Analysis & Synthesis was unsuccessful. 2 errors, 3 warnings
    Error: Peak virtual memory: 1133 megabytes
    Error: Processing ended: Thu Jun  7 19:23:04 2018
    Error: Elapsed time: 00:00:10
    Error: Total CPU time (on all processors): 00:00:23


